TN:
SF:src\App.vue
FN:1,(empty-report)
FNF:1
FNH:0
FNDA:0,(empty-report)
DA:1,0
DA:2,0
DA:3,0
DA:4,0
DA:5,0
DA:6,0
DA:7,0
LF:7
LH:0
BRDA:1,0,0,0
BRF:1
BRH:0
end_of_record
TN:
SF:src\main.js
FN:1,(empty-report)
FNF:1
FNH:0
FNDA:0,(empty-report)
DA:1,0
DA:2,0
DA:3,0
DA:4,0
DA:5,0
DA:6,0
LF:6
LH:0
BRDA:1,0,0,0
BRF:1
BRH:0
end_of_record
TN:
SF:src\components\Example1.vue
FN:1,__vite_ssr_import_1__.createElementBlock.__vite_ssr_import_1__.createElementVNode.__vite_ssr_import_1__.withDirectives.__vite_ssr_import_1__.createElementBlock.onUpdate:modelValue._cache.<computed>._cache.<computed>
FNF:1
FNH:0
FNDA:0,__vite_ssr_import_1__.createElementBlock.__vite_ssr_import_1__.createElementVNode.__vite_ssr_import_1__.withDirectives.__vite_ssr_import_1__.createElementBlock.onUpdate:modelValue._cache.<computed>._cache.<computed>
DA:1,0
DA:2,0
DA:3,0
DA:4,0
DA:5,0
DA:6,0
DA:7,0
DA:8,0
DA:9,0
DA:10,0
DA:11,0
DA:12,0
DA:13,0
DA:14,0
DA:15,0
DA:16,0
DA:17,0
DA:18,1
DA:19,1
DA:20,1
DA:21,1
DA:22,1
DA:23,1
DA:24,1
DA:25,1
DA:26,1
LF:26
LH:9
BRDA:1,0,0,0
BRF:1
BRH:0
end_of_record
TN:
SF:src\components\Example2.vue
FN:1,__vite_ssr_import_1__.createElementBlock.__vite_ssr_import_1__.withDirectives.__vite_ssr_import_1__.createElementVNode.onUpdate:modelValue._cache.<computed>._cache.<computed>
FNF:1
FNH:0
FNDA:0,__vite_ssr_import_1__.createElementBlock.__vite_ssr_import_1__.withDirectives.__vite_ssr_import_1__.createElementVNode.onUpdate:modelValue._cache.<computed>._cache.<computed>
DA:1,0
DA:2,0
DA:3,0
DA:4,0
DA:5,0
DA:6,0
DA:7,0
DA:8,0
DA:9,0
DA:10,0
DA:11,0
DA:12,0
DA:13,0
DA:14,1
DA:15,1
DA:16,1
DA:17,1
DA:18,1
DA:19,1
DA:20,1
DA:21,1
LF:21
LH:8
BRF:0
BRH:0
end_of_record
